<?xml version="1.0" encoding="UTF-8"?>
<robot generator="Robot 3.2.2 (Python 3.9.1 on win32)" generated="20210216 17:50:30.461" rpa="false">
<suite id="s1" name="Player" source="C:\RFW\ParodifyRFW\tests\player.robot">
<test id="s1-t1" name="Reproduzir Paródia">
<kw name="Open URL" library="login">
<kw name="Open Browser" library="Browser">
<tags>
<tag>BrowserControl</tag>
<tag>Setter</tag>
</tags>
<doc>Opens a new browser instance. Use this keyword for quick experiments or debugging sessions.
Use `New Page` directly instead of `Open Browser` for production and automated execution.
See `Browser, Context and Page` for more information about Browser and related concepts.</doc>
<arguments>
<arg>http://parodify.herokuapp.com/users/sign_in</arg>
<arg>chromium</arg>
</arguments>
<msg timestamp="20210216 17:50:31.809" level="WARN">Open Browser is for quick experimentation and debugging only. Use New Page for production.</msg>
<msg timestamp="20210216 17:50:31.811" level="INFO">{"browser": "chromium", "headless": false, "handleSIGINT": true, "handleSIGTERM": true, "handleSIGHUP": true, "timeout": 30000.0, "devtools": false, "slowMo": 0.0}</msg>
<msg timestamp="20210216 17:50:32.237" level="INFO">Successfully created browser with options: {"browser":"chromium","headless":false,"handleSIGINT":true,"handleSIGTERM":true,"handleSIGHUP":true,"timeout":30000,"devtools":false,"slowMo":0}</msg>
<msg timestamp="20210216 17:50:32.238" level="INFO">{"acceptDownloads": false, "ignoreHTTPSErrors": false, "bypassCSP": false, "deviceScaleFactor": 1.0, "isMobile": false, "hasTouch": false, "javaScriptEnabled": true, "offline": false, "hideRfBrowser": false}</msg>
<msg timestamp="20210216 17:50:32.258" level="INFO">Successfully created context with options: {"acceptDownloads":false,"ignoreHTTPSErrors":false,"bypassCSP":false,"deviceScaleFactor":1,"isMobile":false,"hasTouch":false,"javaScriptEnabled":true,"offline":false,"hideRfBrowser":false}</msg>
<msg timestamp="20210216 17:50:36.764" level="INFO">Successfully initialized new page object and opened url: http://parodify.herokuapp.com/users/sign_in</msg>
<status status="PASS" starttime="20210216 17:50:31.809" endtime="20210216 17:50:36.765"></status>
</kw>
<status status="PASS" starttime="20210216 17:50:31.808" endtime="20210216 17:50:36.766"></status>
</kw>
<kw name="Login With" library="login">
<arguments>
<arg>usuario@teste.com</arg>
<arg>senha321</arg>
</arguments>
<kw name="Fill Text" library="Browser">
<tags>
<tag>PageContent</tag>
<tag>Setter</tag>
</tags>
<doc>Clears and fills the given ``text`` into the text field found by ``selector``.</doc>
<arguments>
<arg>css=input[name*=email]</arg>
<arg>${email_arg}</arg>
</arguments>
<msg timestamp="20210216 17:50:36.768" level="INFO">Fills the text 'usuario@teste.com' in the given field.</msg>
<status status="PASS" starttime="20210216 17:50:36.768" endtime="20210216 17:50:36.923"></status>
</kw>
<kw name="Fill Text" library="Browser">
<tags>
<tag>PageContent</tag>
<tag>Setter</tag>
</tags>
<doc>Clears and fills the given ``text`` into the text field found by ``selector``.</doc>
<arguments>
<arg>css=#user_password</arg>
<arg>${password_arg}</arg>
</arguments>
<msg timestamp="20210216 17:50:36.924" level="INFO">Fills the text 'senha321' in the given field.</msg>
<status status="PASS" starttime="20210216 17:50:36.924" endtime="20210216 17:50:36.976"></status>
</kw>
<kw name="Click" library="Browser">
<tags>
<tag>PageContent</tag>
<tag>Setter</tag>
</tags>
<doc>Simulates mouse click on the element found by ``selector``.</doc>
<arguments>
<arg>css=input[type=submit]</arg>
</arguments>
<status status="PASS" starttime="20210216 17:50:36.976" endtime="20210216 17:50:37.704"></status>
</kw>
<status status="PASS" starttime="20210216 17:50:36.767" endtime="20210216 17:50:37.704"></status>
</kw>
<kw name="Logout Link Should Be Visible" library="home_login">
<kw name="Wait For Elements State" library="Browser">
<tags>
<tag>PageContent</tag>
<tag>Wait</tag>
</tags>
<doc>Waits for the element found by ``selector`` to satisfy state option.</doc>
<arguments>
<arg>css=a[href$=sign_out]</arg>
<arg>visible</arg>
<arg>10</arg>
</arguments>
<msg timestamp="20210216 17:50:38.098" level="INFO">Wait for Element with selector: css=a[href$=sign_out]</msg>
<status status="PASS" starttime="20210216 17:50:37.708" endtime="20210216 17:50:38.100"></status>
</kw>
<status status="PASS" starttime="20210216 17:50:37.706" endtime="20210216 17:50:38.101"></status>
</kw>
<kw name="Going For Search Page" library="player">
<kw name="Click" library="Browser">
<tags>
<tag>PageContent</tag>
<tag>Setter</tag>
</tags>
<doc>Simulates mouse click on the element found by ``selector``.</doc>
<arguments>
<arg>css=a[href*=search]</arg>
</arguments>
<status status="PASS" starttime="20210216 17:50:38.104" endtime="20210216 17:50:38.220"></status>
</kw>
<kw name="Wait For Elements State" library="Browser">
<tags>
<tag>PageContent</tag>
<tag>Wait</tag>
</tags>
<doc>Waits for the element found by ``selector`` to satisfy state option.</doc>
<arguments>
<arg>xpath=//h2[contains(text(),"Buscar")]</arg>
<arg>visible</arg>
<arg>10</arg>
</arguments>
<msg timestamp="20210216 17:50:38.452" level="INFO">Wait for Element with selector: xpath=//h2[contains(text(),"Buscar")]</msg>
<status status="PASS" starttime="20210216 17:50:38.221" endtime="20210216 17:50:38.453"></status>
</kw>
<status status="PASS" starttime="20210216 17:50:38.102" endtime="20210216 17:50:38.454"></status>
</kw>
<kw name="Going For Categorie" library="player">
<kw name="Click" library="Browser">
<tags>
<tag>PageContent</tag>
<tag>Setter</tag>
</tags>
<doc>Simulates mouse click on the element found by ``selector``.</doc>
<arguments>
<arg>xpath=//img[contains(@src, "sertanejo.png")]/..</arg>
</arguments>
<status status="PASS" starttime="20210216 17:50:38.454" endtime="20210216 17:50:38.794"></status>
</kw>
<kw name="Wait For Elements State" library="Browser">
<tags>
<tag>PageContent</tag>
<tag>Wait</tag>
</tags>
<doc>Waits for the element found by ``selector`` to satisfy state option.</doc>
<arguments>
<arg>xpath=//h2[contains(text(),"Sertanejo")]</arg>
<arg>visible</arg>
<arg>10</arg>
</arguments>
<msg timestamp="20210216 17:50:39.128" level="INFO">Wait for Element with selector: xpath=//h2[contains(text(),"Sertanejo")]</msg>
<status status="PASS" starttime="20210216 17:50:38.795" endtime="20210216 17:50:39.130"></status>
</kw>
<status status="PASS" starttime="20210216 17:50:38.454" endtime="20210216 17:50:39.130"></status>
</kw>
<kw name="Open Album From" library="player">
<arguments>
<arg>Marcus e Debug</arg>
</arguments>
<kw name="Click" library="Browser">
<tags>
<tag>PageContent</tag>
<tag>Setter</tag>
</tags>
<doc>Simulates mouse click on the element found by ``selector``.</doc>
<arguments>
<arg>xpath=//p[contains(text(),"${artist_name}")]/..</arg>
</arguments>
<status status="PASS" starttime="20210216 17:50:39.134" endtime="20210216 17:50:39.261"></status>
</kw>
<kw name="Wait For Elements State" library="Browser">
<tags>
<tag>PageContent</tag>
<tag>Wait</tag>
</tags>
<doc>Waits for the element found by ``selector`` to satisfy state option.</doc>
<arguments>
<arg>xpath=//h2[contains(text(),"Músicas")]</arg>
<arg>visible</arg>
<arg>10</arg>
</arguments>
<msg timestamp="20210216 17:50:39.542" level="INFO">Wait for Element with selector: xpath=//h2[contains(text(),"Músicas")]</msg>
<status status="PASS" starttime="20210216 17:50:39.262" endtime="20210216 17:50:39.543"></status>
</kw>
<status status="PASS" starttime="20210216 17:50:39.132" endtime="20210216 17:50:39.544"></status>
</kw>
<kw name="Play Song" library="player">
<arguments>
<arg>Bug de Manhã</arg>
</arguments>
<kw name="Click" library="Browser">
<tags>
<tag>PageContent</tag>
<tag>Setter</tag>
</tags>
<doc>Simulates mouse click on the element found by ``selector``.</doc>
<arguments>
<arg>xpath=//h2[contains(text(),"${song_name}")]/../..//div[contains(@class, "play")]//a</arg>
</arguments>
<status status="PASS" starttime="20210216 17:50:39.547" endtime="20210216 17:50:39.665"></status>
</kw>
<status status="PASS" starttime="20210216 17:50:39.545" endtime="20210216 17:50:39.666"></status>
</kw>
<kw name="Song Shoul Be Playing" library="player">
<arguments>
<arg>Bug de Manhã</arg>
</arguments>
<kw name="Wait For Elements State" library="Browser">
<tags>
<tag>PageContent</tag>
<tag>Wait</tag>
</tags>
<doc>Waits for the element found by ``selector`` to satisfy state option.</doc>
<arguments>
<arg>xpath=//h2[contains(text(),"${song_name}")]/../../..</arg>
<arg>visible</arg>
<arg>10</arg>
</arguments>
<msg timestamp="20210216 17:50:39.698" level="INFO">Wait for Element with selector: xpath=//h2[contains(text(),"Bug de Manhã")]/../../..</msg>
<status status="PASS" starttime="20210216 17:50:39.669" endtime="20210216 17:50:39.700"></status>
</kw>
<status status="PASS" starttime="20210216 17:50:39.668" endtime="20210216 17:50:39.700"></status>
</kw>
<kw name="Take Screenshot" library="Browser" type="teardown">
<tags>
<tag>PageContent</tag>
</tags>
<doc>Takes a screenshot of the current window and saves it to ``path``. Saves it as a png.</doc>
<msg timestamp="20210216 17:50:40.112" level="INFO" html="yes">&lt;/td&gt;&lt;/tr&gt;&lt;tr&gt;&lt;td colspan="3"&gt;&lt;a href="browser/screenshot/robotframework-browser-screenshot-13.png"&gt;&lt;img src="browser/screenshot/robotframework-browser-screenshot-13.png" width="800px"&gt;&lt;/a&gt;</msg>
<status status="PASS" starttime="20210216 17:50:39.702" endtime="20210216 17:50:40.112"></status>
</kw>
<status status="PASS" starttime="20210216 17:50:31.801" endtime="20210216 17:50:40.113" critical="yes"></status>
</test>
<doc>Testando o player de Reprodução</doc>
<status status="PASS" starttime="20210216 17:50:30.462" endtime="20210216 17:50:40.206"></status>
</suite>
<statistics>
<total>
<stat pass="1" fail="0">Critical Tests</stat>
<stat pass="1" fail="0">All Tests</stat>
</total>
<tag>
</tag>
<suite>
<stat pass="1" fail="0" id="s1" name="Player">Player</stat>
</suite>
</statistics>
<errors>
<msg timestamp="20210216 17:50:31.809" level="WARN">Open Browser is for quick experimentation and debugging only. Use New Page for production.</msg>
</errors>
</robot>
